=== CREATE TRANSAKSI DEBUG ===
POST data: Array
(
    [status_pembayaran] => lunas
    [product_id] => 18
    [nama_pembeli] => BWEFHBH
    [quantity] => 6
    [total_harga] => Rp 120.000
    [metode_pembayaran] => transfer_bank
    [alamat_pengiriman] => basefhj
    [catatan] => fjibwefb
)

SESSION data: Array
(
)

id_pengguna: null (guest)
product_id: 18, quantity: 6
Product found: alkohol, Price: 20000.00, Stock: 94
Calculated: harga_satuan=20000.00, total_harga=120000, quantity=6
Transaction SQL: INSERT INTO transaksi (
                id_pengguna, 
                nama_pembeli, 
                total_harga, 
                status_pembayaran, 
                metode_pembayaran, 
                alamat_pengiriman, 
                catatan
              ) VALUES (?, ?, ?, 'lunas', ?, ?, ?)
Transaction created with ID: 19
Detail SQL: INSERT INTO transaksi_detail (
                      id_transaksi, 
                      id_obat, 
                      jumlah, 
                      harga_satuan, 
                      subtotal
                    ) VALUES (?, ?, ?, ?, ?)
Detail transaksi saved
Product stock updated
Transaction committed successfully
Transaction details fetched: 1 items

=== CREATE TRANSAKSI DEBUG ===
POST data: Array
(
    [status_pembayaran] => lunas
    [product_id] => 16
    [nama_pembeli] => Damar
    [quantity] => 1
    [total_harga] => Rp 95.000
    [metode_pembayaran] => kartu_kredit
    [alamat_pengiriman] => SMG
    [catatan] => 
)

SESSION data: Array
(
)

id_pengguna: null (guest)
product_id: 16, quantity: 1
Product found: Vitamin D3 1000IU, Price: 95000.00, Stock: 100
Calculated: harga_satuan=95000.00, total_harga=95000, quantity=1
Transaction SQL: INSERT INTO transaksi (
                id_pengguna, 
                nama_pembeli, 
                total_harga, 
                status_pembayaran, 
                metode_pembayaran, 
                alamat_pengiriman, 
                catatan
              ) VALUES (?, ?, ?, 'lunas', ?, ?, ?)
Transaction created with ID: 14
Detail SQL: INSERT INTO transaksi_detail (
                      id_transaksi, 
                      id_obat, 
                      jumlah, 
                      harga_satuan, 
                      subtotal
                    ) VALUES (?, ?, ?, ?, ?)
Detail transaksi saved
Product stock updated
Transaction committed successfully
Transaction details fetched: 1 items

=== CREATE TRANSAKSI DEBUG ===
POST data: Array
(
    [status_pembayaran] => lunas
    [product_id] => 18
    [nama_pembeli] => roki
    [quantity] => 1
    [total_harga] => Rp 20.000
    [metode_pembayaran] => kartu_kredit
    [alamat_pengiriman] => hhauhsadadgayg
    [catatan] => 
)

SESSION data: Array
(
)

id_pengguna: null (guest)
product_id: 18, quantity: 1
Product found: alkohol, Price: 20000.00, Stock: 105
Calculated: harga_satuan=20000.00, total_harga=20000, quantity=1
Transaction SQL: INSERT INTO transaksi (
                id_pengguna, 
                nama_pembeli, 
                total_harga, 
                status_pembayaran, 
                metode_pembayaran, 
                alamat_pengiriman, 
                catatan
              ) VALUES (?, ?, ?, 'lunas', ?, ?, ?)
Transaction created with ID: 15
Detail SQL: INSERT INTO transaksi_detail (
                      id_transaksi, 
                      id_obat, 
                      jumlah, 
                      harga_satuan, 
                      subtotal
                    ) VALUES (?, ?, ?, ?, ?)
Detail transaksi saved
Product stock updated
Transaction committed successfully
Transaction details fetched: 1 items

